[0m15:50:40.078063 [debug] [MainThread]: Sending event: {'category': 'dbt', 'action': 'invocation', 'label': 'start', 'context': [<snowplow_tracker.self_describing_json.SelfDescribingJson object at 0x00000283A7511730>, <snowplow_tracker.self_describing_json.SelfDescribingJson object at 0x00000283A9F82D90>, <snowplow_tracker.self_describing_json.SelfDescribingJson object at 0x00000283A9F82AF0>]}


============================== 15:50:40.085064 | 9a306e25-2abd-4051-a656-cceee9995847 ==============================
[0m15:50:40.085064 [info ] [MainThread]: Running with dbt=1.8.2
[0m15:50:40.087064 [debug] [MainThread]: running dbt with arguments {'printer_width': '80', 'indirect_selection': 'eager', 'write_json': 'True', 'log_cache_events': 'False', 'partial_parse': 'True', 'cache_selected_only': 'False', 'warn_error': 'None', 'fail_fast': 'False', 'version_check': 'True', 'log_path': 'logs', 'debug': 'False', 'profiles_dir': 'C:\\Users\\MKT\\.dbt', 'use_colors': 'True', 'use_experimental_parser': 'False', 'no_print': 'None', 'quiet': 'False', 'log_format': 'default', 'introspect': 'True', 'static_parser': 'True', 'invocation_command': 'dbt init prj_train_000', 'target_path': 'None', 'warn_error_options': 'WarnErrorOptions(include=[], exclude=[])', 'send_anonymous_usage_stats': 'True'}
[0m15:50:40.132624 [debug] [MainThread]: Starter project path: C:\Users\MKT\.conda\envs\py311_env\lib\site-packages\dbt\include\starter_project
[0m15:50:40.148252 [info ] [MainThread]: 
Your new dbt project "prj_train_000" was created!

For more information on how to configure the profiles.yml file,
please consult the dbt documentation here:

  https://docs.getdbt.com/docs/configure-your-profile

One more thing:

Need help? Don't hesitate to reach out to us via GitHub issues or on Slack:

  https://community.getdbt.com/

Happy modeling!

[0m15:50:40.150227 [info ] [MainThread]: Setting up your profile.
[0m15:51:34.474728 [info ] [MainThread]: Profile prj_train_000 written to C:\Users\MKT\.dbt\profiles.yml using target's profile_template.yml and your supplied values. Run 'dbt debug' to validate the connection.
[0m15:51:34.475732 [debug] [MainThread]: Command `dbt init` succeeded at 15:51:34.475732 after 54.55 seconds
[0m15:51:34.476733 [debug] [MainThread]: Sending event: {'category': 'dbt', 'action': 'invocation', 'label': 'end', 'context': [<snowplow_tracker.self_describing_json.SelfDescribingJson object at 0x00000283A7511730>, <snowplow_tracker.self_describing_json.SelfDescribingJson object at 0x00000283AA161910>, <snowplow_tracker.self_describing_json.SelfDescribingJson object at 0x00000283AA1D50D0>]}
[0m15:51:34.476733 [debug] [MainThread]: Flushing usage events
[0m15:39:07.806187 [debug] [MainThread]: Sending event: {'category': 'dbt', 'action': 'invocation', 'label': 'start', 'context': [<snowplow_tracker.self_describing_json.SelfDescribingJson object at 0x00000198100BB940>, <snowplow_tracker.self_describing_json.SelfDescribingJson object at 0x0000019812CE50D0>, <snowplow_tracker.self_describing_json.SelfDescribingJson object at 0x0000019812CE5CD0>]}


============================== 15:39:07.814573 | 6dc1c30a-153e-4ac7-a8ec-24d41083b76f ==============================
[0m15:39:07.814573 [info ] [MainThread]: Running with dbt=1.8.5
[0m15:39:07.817261 [debug] [MainThread]: running dbt with arguments {'printer_width': '80', 'indirect_selection': 'eager', 'write_json': 'True', 'log_cache_events': 'False', 'partial_parse': 'True', 'cache_selected_only': 'False', 'warn_error': 'None', 'version_check': 'True', 'fail_fast': 'False', 'log_path': 'logs', 'debug': 'False', 'profiles_dir': 'C:\\Users\\MKT\\.dbt', 'use_colors': 'True', 'use_experimental_parser': 'False', 'no_print': 'None', 'quiet': 'False', 'empty': 'None', 'warn_error_options': 'WarnErrorOptions(include=[], exclude=[])', 'static_parser': 'True', 'invocation_command': 'dbt init dbt_training_000', 'introspect': 'True', 'target_path': 'None', 'log_format': 'default', 'send_anonymous_usage_stats': 'True'}
[0m15:39:07.864339 [debug] [MainThread]: Starter project path: C:\Users\MKT\.conda\envs\py311_env\lib\site-packages\dbt\include\starter_project
[0m15:39:07.883405 [info ] [MainThread]: 
Your new dbt project "dbt_training_000" was created!

For more information on how to configure the profiles.yml file,
please consult the dbt documentation here:

  https://docs.getdbt.com/docs/configure-your-profile

One more thing:

Need help? Don't hesitate to reach out to us via GitHub issues or on Slack:

  https://community.getdbt.com/

Happy modeling!

[0m15:39:07.884408 [info ] [MainThread]: Setting up your profile.
[0m15:44:53.237761 [info ] [MainThread]: Profile dbt_training_000 written to C:\Users\MKT\.dbt\profiles.yml using target's profile_template.yml and your supplied values. Run 'dbt debug' to validate the connection.
[0m15:44:53.238764 [debug] [MainThread]: Command `dbt init` succeeded at 15:44:53.238764 after 345.63 seconds
[0m15:44:53.239802 [debug] [MainThread]: Sending event: {'category': 'dbt', 'action': 'invocation', 'label': 'end', 'context': [<snowplow_tracker.self_describing_json.SelfDescribingJson object at 0x00000198100BB940>, <snowplow_tracker.self_describing_json.SelfDescribingJson object at 0x0000019812B33610>, <snowplow_tracker.self_describing_json.SelfDescribingJson object at 0x0000019812D66580>]}
[0m15:44:53.240783 [debug] [MainThread]: Flushing usage events
